<?xml version="1.0" encoding="utf-8"?><testsuite errors="0" failures="0" name="pytest" skips="0" tests="4" time="0.432"><testcase classname="pytests.test_index" file="pytests/test_index.py" line="9" name="test_less_than_50" time="0.0018351078033447266"></testcase><testcase classname="pytests.test_index" file="pytests/test_index.py" line="14" name="test_is_it_hot" time="0.0007755756378173828"></testcase><testcase classname="pytests.test_index" file="pytests/test_index.py" line="19" name="test_day_of_the_week" time="0.0011715888977050781"></testcase><testcase classname="pytests.test_index" file="pytests/test_index.py" line="24" name="test_ends_with" time="0.0008101463317871094"></testcase></testsuite>